Classic Timing Analyzer report for debouncer
Tue Aug 06 10:10:11 2019
Quartus II Version 9.0 Build 184 04/29/2009 Service Pack 1 SJ Web Edition


---------------------
; Table of Contents ;
---------------------
  1. Legal Notice
  2. Timing Analyzer Summary
  3. Timing Analyzer Settings
  4. Clock Settings Summary
  5. Parallel Compilation
  6. Clock Setup: 'clock'
  7. tsu
  8. tco
  9. th
 10. Timing Analyzer Messages



----------------
; Legal Notice ;
----------------
Copyright (C) 1991-2009 Altera Corporation
Your use of Altera Corporation's design tools, logic functions 
and other software and tools, and its AMPP partner logic 
functions, and any output files from any of the foregoing 
(including device programming or simulation files), and any 
associated documentation or information are expressly subject 
to the terms and conditions of the Altera Program License 
Subscription Agreement, Altera MegaCore Function License 
Agreement, or other applicable license agreement, including, 
without limitation, that your use is for the sole purpose of 
programming logic devices manufactured by Altera and sold by 
Altera or its authorized distributors.  Please refer to the 
applicable agreement for further details.



+---------------------------------------------------------------------------------------------------------------------------------------------------------------------+
; Timing Analyzer Summary                                                                                                                                             ;
+------------------------------+-------+---------------+----------------------------------+----------------------------+-------+------------+----------+--------------+
; Type                         ; Slack ; Required Time ; Actual Time                      ; From                       ; To    ; From Clock ; To Clock ; Failed Paths ;
+------------------------------+-------+---------------+----------------------------------+----------------------------+-------+------------+----------+--------------+
; Worst-case tsu               ; N/A   ; None          ; 1.700 ns                         ; push                       ; inst  ; --         ; clock    ; 0            ;
; Worst-case tco               ; N/A   ; None          ; 14.800 ns                        ; inst8                      ; S     ; clock      ; --       ; 0            ;
; Worst-case th                ; N/A   ; None          ; -0.100 ns                        ; push                       ; inst  ; --         ; clock    ; 0            ;
; Clock Setup: 'clock'         ; N/A   ; None          ; 19.31 MHz ( period = 51.800 ns ) ; contadorPulso:inst6|inst20 ; inst8 ; clock      ; clock    ; 0            ;
; Total number of failed paths ;       ;               ;                                  ;                            ;       ;            ;          ; 0            ;
+------------------------------+-------+---------------+----------------------------------+----------------------------+-------+------------+----------+--------------+


+--------------------------------------------------------------------------------------------------------------------+
; Timing Analyzer Settings                                                                                           ;
+---------------------------------------------------------------------+--------------------+------+----+-------------+
; Option                                                              ; Setting            ; From ; To ; Entity Name ;
+---------------------------------------------------------------------+--------------------+------+----+-------------+
; Device Name                                                         ; EP1K100QC208-3     ;      ;    ;             ;
; Timing Models                                                       ; Final              ;      ;    ;             ;
; Default hold multicycle                                             ; Same as Multicycle ;      ;    ;             ;
; Cut paths between unrelated clock domains                           ; On                 ;      ;    ;             ;
; Cut off read during write signal paths                              ; On                 ;      ;    ;             ;
; Cut off feedback from I/O pins                                      ; On                 ;      ;    ;             ;
; Report Combined Fast/Slow Timing                                    ; Off                ;      ;    ;             ;
; Ignore Clock Settings                                               ; Off                ;      ;    ;             ;
; Analyze latches as synchronous elements                             ; On                 ;      ;    ;             ;
; Enable Recovery/Removal analysis                                    ; Off                ;      ;    ;             ;
; Enable Clock Latency                                                ; Off                ;      ;    ;             ;
; Use TimeQuest Timing Analyzer                                       ; Off                ;      ;    ;             ;
; Minimum Core Junction Temperature                                   ; 0                  ;      ;    ;             ;
; Maximum Core Junction Temperature                                   ; 85                 ;      ;    ;             ;
; Number of source nodes to report per destination node               ; 10                 ;      ;    ;             ;
; Number of destination nodes to report                               ; 10                 ;      ;    ;             ;
; Number of paths to report                                           ; 200                ;      ;    ;             ;
; Report Minimum Timing Checks                                        ; Off                ;      ;    ;             ;
; Use Fast Timing Models                                              ; Off                ;      ;    ;             ;
; Report IO Paths Separately                                          ; Off                ;      ;    ;             ;
; Perform Multicorner Analysis                                        ; Off                ;      ;    ;             ;
; Reports the worst-case path for each clock domain and analysis      ; Off                ;      ;    ;             ;
; Removes common clock path pessimism (CCPP) during slack computation ; Off                ;      ;    ;             ;
; Output I/O Timing Endpoint                                          ; Near End           ;      ;    ;             ;
+---------------------------------------------------------------------+--------------------+------+----+-------------+


+------------------------------------------------------------------------------------------------------------------------------------------------------------------------------------+
; Clock Settings Summary                                                                                                                                                             ;
+-----------------+--------------------+----------+------------------+---------------+--------------+----------+-----------------------+---------------------+--------+--------------+
; Clock Node Name ; Clock Setting Name ; Type     ; Fmax Requirement ; Early Latency ; Late Latency ; Based on ; Multiply Base Fmax by ; Divide Base Fmax by ; Offset ; Phase offset ;
+-----------------+--------------------+----------+------------------+---------------+--------------+----------+-----------------------+---------------------+--------+--------------+
; clock           ;                    ; User Pin ; None             ; 0.000 ns      ; 0.000 ns     ; --       ; N/A                   ; N/A                 ; N/A    ;              ;
+-----------------+--------------------+----------+------------------+---------------+--------------+----------+-----------------------+---------------------+--------+--------------+


Parallel compilation was disabled, but you have multiple processors available. Enable parallel compilation to reduce compilation time.
+-------------------------------------+
; Parallel Compilation                ;
+----------------------------+--------+
; Processors                 ; Number ;
+----------------------------+--------+
; Number detected on machine ; 2      ;
; Maximum allowed            ; 1      ;
+----------------------------+--------+


+------------------------------------------------------------------------------------------------------------------------------------------------------------------------------------------------------------------------------+
; Clock Setup: 'clock'                                                                                                                                                                                                         ;
+-------+------------------------------------------------+----------------------------+----------------------------+------------+----------+-----------------------------+---------------------------+-------------------------+
; Slack ; Actual fmax (period)                           ; From                       ; To                         ; From Clock ; To Clock ; Required Setup Relationship ; Required Longest P2P Time ; Actual Longest P2P Time ;
+-------+------------------------------------------------+----------------------------+----------------------------+------------+----------+-----------------------------+---------------------------+-------------------------+
; N/A   ; 19.31 MHz ( period = 51.800 ns )               ; contadorPulso:inst6|inst20 ; inst8                      ; clock      ; clock    ; None                        ; None                      ; 2.600 ns                ;
; N/A   ; 19.88 MHz ( period = 50.300 ns )               ; contadorPulso:inst6|inst19 ; inst8                      ; clock      ; clock    ; None                        ; None                      ; 3.200 ns                ;
; N/A   ; 20.24 MHz ( period = 49.400 ns )               ; contadorPulso:inst6|inst17 ; inst8                      ; clock      ; clock    ; None                        ; None                      ; 8.300 ns                ;
; N/A   ; 20.92 MHz ( period = 47.800 ns )               ; contadorPulso:inst6|inst18 ; inst8                      ; clock      ; clock    ; None                        ; None                      ; 3.600 ns                ;
; N/A   ; 21.41 MHz ( period = 46.700 ns )               ; contadorPulso:inst6|inst16 ; inst8                      ; clock      ; clock    ; None                        ; None                      ; 8.500 ns                ;
; N/A   ; 23.20 MHz ( period = 43.100 ns )               ; contadorPulso:inst6|inst15 ; inst8                      ; clock      ; clock    ; None                        ; None                      ; 7.800 ns                ;
; N/A   ; 23.81 MHz ( period = 42.000 ns )               ; contadorPulso:inst6|inst14 ; inst8                      ; clock      ; clock    ; None                        ; None                      ; 8.000 ns                ;
; N/A   ; 24.75 MHz ( period = 40.400 ns )               ; contadorPulso:inst6|inst13 ; inst8                      ; clock      ; clock    ; None                        ; None                      ; 8.600 ns                ;
; N/A   ; 25.97 MHz ( period = 38.500 ns )               ; contadorPulso:inst6|inst12 ; inst8                      ; clock      ; clock    ; None                        ; None                      ; 9.000 ns                ;
; N/A   ; 27.47 MHz ( period = 36.400 ns )               ; contadorPulso:inst6|inst11 ; inst8                      ; clock      ; clock    ; None                        ; None                      ; 9.100 ns                ;
; N/A   ; 29.07 MHz ( period = 34.400 ns )               ; contadorPulso:inst6|inst10 ; inst8                      ; clock      ; clock    ; None                        ; None                      ; 9.300 ns                ;
; N/A   ; 31.45 MHz ( period = 31.800 ns )               ; contadorPulso:inst6|inst9  ; inst8                      ; clock      ; clock    ; None                        ; None                      ; 10.000 ns               ;
; N/A   ; 32.57 MHz ( period = 30.700 ns )               ; contadorPulso:inst6|inst8  ; inst8                      ; clock      ; clock    ; None                        ; None                      ; 10.200 ns               ;
; N/A   ; 33.90 MHz ( period = 29.500 ns )               ; contadorPulso:inst6|inst7  ; inst8                      ; clock      ; clock    ; None                        ; None                      ; 11.400 ns               ;
; N/A   ; 36.90 MHz ( period = 27.100 ns )               ; contadorPulso:inst6|inst6  ; inst8                      ; clock      ; clock    ; None                        ; None                      ; 12.000 ns               ;
; N/A   ; 48.54 MHz ( period = 20.600 ns )               ; contadorPulso:inst6|inst5  ; inst8                      ; clock      ; clock    ; None                        ; None                      ; 11.400 ns               ;
; N/A   ; 51.28 MHz ( period = 19.500 ns )               ; contadorPulso:inst6|inst4  ; inst8                      ; clock      ; clock    ; None                        ; None                      ; 12.500 ns               ;
; N/A   ; 63.69 MHz ( period = 15.700 ns )               ; contadorPulso:inst6|inst3  ; inst8                      ; clock      ; clock    ; None                        ; None                      ; 11.700 ns               ;
; N/A   ; 68.49 MHz ( period = 14.600 ns )               ; contadorPulso:inst6|inst   ; inst8                      ; clock      ; clock    ; None                        ; None                      ; 12.800 ns               ;
; N/A   ; Restricted to 200.00 MHz ( period = 5.000 ns ) ; inst1                      ; inst8                      ; clock      ; clock    ; None                        ; None                      ; 1.200 ns                ;
; N/A   ; Restricted to 200.00 MHz ( period = 5.000 ns ) ; inst                       ; inst1                      ; clock      ; clock    ; None                        ; None                      ; 1.200 ns                ;
; N/A   ; Restricted to 200.00 MHz ( period = 5.000 ns ) ; contadorPulso:inst6|inst   ; contadorPulso:inst6|inst   ; clock      ; clock    ; None                        ; None                      ; 1.200 ns                ;
; N/A   ; Restricted to 200.00 MHz ( period = 5.000 ns ) ; contadorPulso:inst6|inst3  ; contadorPulso:inst6|inst3  ; clock      ; clock    ; None                        ; None                      ; 1.200 ns                ;
; N/A   ; Restricted to 200.00 MHz ( period = 5.000 ns ) ; contadorPulso:inst6|inst18 ; contadorPulso:inst6|inst18 ; clock      ; clock    ; None                        ; None                      ; 1.200 ns                ;
; N/A   ; Restricted to 200.00 MHz ( period = 5.000 ns ) ; contadorPulso:inst6|inst20 ; contadorPulso:inst6|inst20 ; clock      ; clock    ; None                        ; None                      ; 1.200 ns                ;
; N/A   ; Restricted to 200.00 MHz ( period = 5.000 ns ) ; contadorPulso:inst6|inst19 ; contadorPulso:inst6|inst19 ; clock      ; clock    ; None                        ; None                      ; 1.200 ns                ;
; N/A   ; Restricted to 200.00 MHz ( period = 5.000 ns ) ; contadorPulso:inst6|inst4  ; contadorPulso:inst6|inst4  ; clock      ; clock    ; None                        ; None                      ; 1.200 ns                ;
; N/A   ; Restricted to 200.00 MHz ( period = 5.000 ns ) ; contadorPulso:inst6|inst5  ; contadorPulso:inst6|inst5  ; clock      ; clock    ; None                        ; None                      ; 1.200 ns                ;
; N/A   ; Restricted to 200.00 MHz ( period = 5.000 ns ) ; contadorPulso:inst6|inst6  ; contadorPulso:inst6|inst6  ; clock      ; clock    ; None                        ; None                      ; 1.200 ns                ;
; N/A   ; Restricted to 200.00 MHz ( period = 5.000 ns ) ; contadorPulso:inst6|inst7  ; contadorPulso:inst6|inst7  ; clock      ; clock    ; None                        ; None                      ; 1.200 ns                ;
; N/A   ; Restricted to 200.00 MHz ( period = 5.000 ns ) ; contadorPulso:inst6|inst8  ; contadorPulso:inst6|inst8  ; clock      ; clock    ; None                        ; None                      ; 1.200 ns                ;
; N/A   ; Restricted to 200.00 MHz ( period = 5.000 ns ) ; contadorPulso:inst6|inst9  ; contadorPulso:inst6|inst9  ; clock      ; clock    ; None                        ; None                      ; 1.200 ns                ;
; N/A   ; Restricted to 200.00 MHz ( period = 5.000 ns ) ; contadorPulso:inst6|inst10 ; contadorPulso:inst6|inst10 ; clock      ; clock    ; None                        ; None                      ; 1.200 ns                ;
; N/A   ; Restricted to 200.00 MHz ( period = 5.000 ns ) ; contadorPulso:inst6|inst11 ; contadorPulso:inst6|inst11 ; clock      ; clock    ; None                        ; None                      ; 1.200 ns                ;
; N/A   ; Restricted to 200.00 MHz ( period = 5.000 ns ) ; contadorPulso:inst6|inst12 ; contadorPulso:inst6|inst12 ; clock      ; clock    ; None                        ; None                      ; 1.200 ns                ;
; N/A   ; Restricted to 200.00 MHz ( period = 5.000 ns ) ; contadorPulso:inst6|inst13 ; contadorPulso:inst6|inst13 ; clock      ; clock    ; None                        ; None                      ; 1.200 ns                ;
; N/A   ; Restricted to 200.00 MHz ( period = 5.000 ns ) ; contadorPulso:inst6|inst14 ; contadorPulso:inst6|inst14 ; clock      ; clock    ; None                        ; None                      ; 1.200 ns                ;
; N/A   ; Restricted to 200.00 MHz ( period = 5.000 ns ) ; contadorPulso:inst6|inst15 ; contadorPulso:inst6|inst15 ; clock      ; clock    ; None                        ; None                      ; 1.200 ns                ;
; N/A   ; Restricted to 200.00 MHz ( period = 5.000 ns ) ; contadorPulso:inst6|inst16 ; contadorPulso:inst6|inst16 ; clock      ; clock    ; None                        ; None                      ; 1.200 ns                ;
; N/A   ; Restricted to 200.00 MHz ( period = 5.000 ns ) ; contadorPulso:inst6|inst17 ; contadorPulso:inst6|inst17 ; clock      ; clock    ; None                        ; None                      ; 1.200 ns                ;
+-------+------------------------------------------------+----------------------------+----------------------------+------------+----------+-----------------------------+---------------------------+-------------------------+


+------------------------------------------------------------+
; tsu                                                        ;
+-------+--------------+------------+------+------+----------+
; Slack ; Required tsu ; Actual tsu ; From ; To   ; To Clock ;
+-------+--------------+------------+------+------+----------+
; N/A   ; None         ; 1.700 ns   ; push ; inst ; clock    ;
+-------+--------------+------------+------+------+----------+


+-------------------------------------------------------------+
; tco                                                         ;
+-------+--------------+------------+-------+----+------------+
; Slack ; Required tco ; Actual tco ; From  ; To ; From Clock ;
+-------+--------------+------------+-------+----+------------+
; N/A   ; None         ; 14.800 ns  ; inst8 ; S  ; clock      ;
+-------+--------------+------------+-------+----+------------+


+------------------------------------------------------------------+
; th                                                               ;
+---------------+-------------+-----------+------+------+----------+
; Minimum Slack ; Required th ; Actual th ; From ; To   ; To Clock ;
+---------------+-------------+-----------+------+------+----------+
; N/A           ; None        ; -0.100 ns ; push ; inst ; clock    ;
+---------------+-------------+-----------+------+------+----------+


+--------------------------+
; Timing Analyzer Messages ;
+--------------------------+
Info: *******************************************************************
Info: Running Quartus II Classic Timing Analyzer
    Info: Version 9.0 Build 184 04/29/2009 Service Pack 1 SJ Web Edition
    Info: Processing started: Tue Aug 06 10:10:10 2019
Info: Command: quartus_tan --read_settings_files=off --write_settings_files=off debouncer -c debouncer
Info: Started post-fitting delay annotation
Info: Delay annotation completed successfully
Warning: Found pins functioning as undefined clocks and/or memory enables
    Info: Assuming node "clock" is an undefined clock
Warning: Found 18 node(s) in clock paths which may be acting as ripple and/or gated clocks -- node(s) analyzed as buffer(s) resulting in clock skew
    Info: Detected ripple clock "contadorPulso:inst6|inst17" as buffer
    Info: Detected ripple clock "contadorPulso:inst6|inst16" as buffer
    Info: Detected ripple clock "contadorPulso:inst6|inst15" as buffer
    Info: Detected ripple clock "contadorPulso:inst6|inst14" as buffer
    Info: Detected ripple clock "contadorPulso:inst6|inst13" as buffer
    Info: Detected ripple clock "contadorPulso:inst6|inst12" as buffer
    Info: Detected ripple clock "contadorPulso:inst6|inst11" as buffer
    Info: Detected ripple clock "contadorPulso:inst6|inst10" as buffer
    Info: Detected ripple clock "contadorPulso:inst6|inst9" as buffer
    Info: Detected ripple clock "contadorPulso:inst6|inst8" as buffer
    Info: Detected ripple clock "contadorPulso:inst6|inst7" as buffer
    Info: Detected ripple clock "contadorPulso:inst6|inst6" as buffer
    Info: Detected ripple clock "contadorPulso:inst6|inst5" as buffer
    Info: Detected ripple clock "contadorPulso:inst6|inst4" as buffer
    Info: Detected ripple clock "contadorPulso:inst6|inst19" as buffer
    Info: Detected ripple clock "contadorPulso:inst6|inst18" as buffer
    Info: Detected ripple clock "contadorPulso:inst6|inst3" as buffer
    Info: Detected ripple clock "contadorPulso:inst6|inst" as buffer
Info: Clock "clock" has Internal fmax of 19.31 MHz between source register "contadorPulso:inst6|inst20" and destination register "inst8" (period= 51.8 ns)
    Info: + Longest register to register delay is 2.600 ns
        Info: 1: + IC(0.000 ns) + CELL(0.000 ns) = 0.000 ns; Loc. = LC3_K3; Fanout = 2; REG Node = 'contadorPulso:inst6|inst20'
        Info: 2: + IC(0.200 ns) + CELL(1.900 ns) = 2.100 ns; Loc. = LC5_K3; Fanout = 2; COMB Node = 'comparadorContadorPulso:inst7|inst51'
        Info: 3: + IC(0.200 ns) + CELL(0.300 ns) = 2.600 ns; Loc. = LC4_K3; Fanout = 1; REG Node = 'inst8'
        Info: Total cell delay = 2.200 ns ( 84.62 % )
        Info: Total interconnect delay = 0.400 ns ( 15.38 % )
    Info: - Smallest clock skew is -47.400 ns
        Info: + Shortest clock path from clock "clock" to destination register is 1.900 ns
            Info: 1: + IC(0.000 ns) + CELL(0.500 ns) = 0.500 ns; Loc. = PIN_79; Fanout = 4; CLK Node = 'clock'
            Info: 2: + IC(1.400 ns) + CELL(0.000 ns) = 1.900 ns; Loc. = LC4_K3; Fanout = 1; REG Node = 'inst8'
            Info: Total cell delay = 0.500 ns ( 26.32 % )
            Info: Total interconnect delay = 1.400 ns ( 73.68 % )
        Info: - Longest clock path from clock "clock" to source register is 49.300 ns
            Info: 1: + IC(0.000 ns) + CELL(0.500 ns) = 0.500 ns; Loc. = PIN_79; Fanout = 4; CLK Node = 'clock'
            Info: 2: + IC(1.400 ns) + CELL(1.100 ns) = 3.000 ns; Loc. = LC1_A13; Fanout = 3; REG Node = 'contadorPulso:inst6|inst'
            Info: 3: + IC(1.100 ns) + CELL(1.100 ns) = 5.200 ns; Loc. = LC2_A12; Fanout = 3; REG Node = 'contadorPulso:inst6|inst3'
            Info: 4: + IC(1.900 ns) + CELL(1.100 ns) = 8.200 ns; Loc. = LC1_A16; Fanout = 3; REG Node = 'contadorPulso:inst6|inst4'
            Info: 5: + IC(1.100 ns) + CELL(1.100 ns) = 10.400 ns; Loc. = LC4_A12; Fanout = 3; REG Node = 'contadorPulso:inst6|inst5'
            Info: 6: + IC(4.800 ns) + CELL(1.100 ns) = 16.300 ns; Loc. = LC1_K42; Fanout = 3; REG Node = 'contadorPulso:inst6|inst6'
            Info: 7: + IC(1.900 ns) + CELL(1.100 ns) = 19.300 ns; Loc. = LC2_K30; Fanout = 3; REG Node = 'contadorPulso:inst6|inst7'
            Info: 8: + IC(1.300 ns) + CELL(1.100 ns) = 21.700 ns; Loc. = LC3_K41; Fanout = 3; REG Node = 'contadorPulso:inst6|inst8'
            Info: 9: + IC(0.200 ns) + CELL(1.100 ns) = 23.000 ns; Loc. = LC2_K41; Fanout = 3; REG Node = 'contadorPulso:inst6|inst9'
            Info: 10: + IC(2.200 ns) + CELL(1.100 ns) = 26.300 ns; Loc. = LC1_K22; Fanout = 3; REG Node = 'contadorPulso:inst6|inst10'
            Info: 11: + IC(1.100 ns) + CELL(1.100 ns) = 28.500 ns; Loc. = LC1_K20; Fanout = 3; REG Node = 'contadorPulso:inst6|inst11'
            Info: 12: + IC(1.100 ns) + CELL(1.100 ns) = 30.700 ns; Loc. = LC1_K18; Fanout = 3; REG Node = 'contadorPulso:inst6|inst12'
            Info: 13: + IC(1.200 ns) + CELL(1.100 ns) = 33.000 ns; Loc. = LC1_K13; Fanout = 3; REG Node = 'contadorPulso:inst6|inst13'
            Info: 14: + IC(1.100 ns) + CELL(1.100 ns) = 35.200 ns; Loc. = LC4_K4; Fanout = 3; REG Node = 'contadorPulso:inst6|inst14'
            Info: 15: + IC(0.200 ns) + CELL(1.100 ns) = 36.500 ns; Loc. = LC2_K4; Fanout = 3; REG Node = 'contadorPulso:inst6|inst15'
            Info: 16: + IC(1.800 ns) + CELL(1.100 ns) = 39.400 ns; Loc. = LC1_K5; Fanout = 3; REG Node = 'contadorPulso:inst6|inst16'
            Info: 17: + IC(1.800 ns) + CELL(1.100 ns) = 42.300 ns; Loc. = LC1_K6; Fanout = 3; REG Node = 'contadorPulso:inst6|inst17'
            Info: 18: + IC(2.000 ns) + CELL(1.100 ns) = 45.400 ns; Loc. = LC1_K10; Fanout = 3; REG Node = 'contadorPulso:inst6|inst18'
            Info: 19: + IC(1.800 ns) + CELL(1.100 ns) = 48.300 ns; Loc. = LC1_K2; Fanout = 3; REG Node = 'contadorPulso:inst6|inst19'
            Info: 20: + IC(1.000 ns) + CELL(0.000 ns) = 49.300 ns; Loc. = LC3_K3; Fanout = 2; REG Node = 'contadorPulso:inst6|inst20'
            Info: Total cell delay = 20.300 ns ( 41.18 % )
            Info: Total interconnect delay = 29.000 ns ( 58.82 % )
    Info: + Micro clock to output delay of source is 1.100 ns
    Info: + Micro setup delay of destination is 0.700 ns
Info: tsu for register "inst" (data pin = "push", clock pin = "clock") is 1.700 ns
    Info: + Longest pin to register delay is 2.900 ns
        Info: 1: + IC(0.000 ns) + CELL(0.500 ns) = 0.500 ns; Loc. = PIN_182; Fanout = 1; PIN Node = 'push'
        Info: 2: + IC(1.400 ns) + CELL(1.000 ns) = 2.900 ns; Loc. = LC6_K3; Fanout = 2; REG Node = 'inst'
        Info: Total cell delay = 1.500 ns ( 51.72 % )
        Info: Total interconnect delay = 1.400 ns ( 48.28 % )
    Info: + Micro setup delay of destination is 0.700 ns
    Info: - Shortest clock path from clock "clock" to destination register is 1.900 ns
        Info: 1: + IC(0.000 ns) + CELL(0.500 ns) = 0.500 ns; Loc. = PIN_79; Fanout = 4; CLK Node = 'clock'
        Info: 2: + IC(1.400 ns) + CELL(0.000 ns) = 1.900 ns; Loc. = LC6_K3; Fanout = 2; REG Node = 'inst'
        Info: Total cell delay = 0.500 ns ( 26.32 % )
        Info: Total interconnect delay = 1.400 ns ( 73.68 % )
Info: tco from clock "clock" to destination pin "S" through register "inst8" is 14.800 ns
    Info: + Longest clock path from clock "clock" to source register is 1.900 ns
        Info: 1: + IC(0.000 ns) + CELL(0.500 ns) = 0.500 ns; Loc. = PIN_79; Fanout = 4; CLK Node = 'clock'
        Info: 2: + IC(1.400 ns) + CELL(0.000 ns) = 1.900 ns; Loc. = LC4_K3; Fanout = 1; REG Node = 'inst8'
        Info: Total cell delay = 0.500 ns ( 26.32 % )
        Info: Total interconnect delay = 1.400 ns ( 73.68 % )
    Info: + Micro clock to output delay of source is 1.100 ns
    Info: + Longest register to pin delay is 11.800 ns
        Info: 1: + IC(0.000 ns) + CELL(0.000 ns) = 0.000 ns; Loc. = LC4_K3; Fanout = 1; REG Node = 'inst8'
        Info: 2: + IC(3.200 ns) + CELL(8.600 ns) = 11.800 ns; Loc. = PIN_149; Fanout = 0; PIN Node = 'S'
        Info: Total cell delay = 8.600 ns ( 72.88 % )
        Info: Total interconnect delay = 3.200 ns ( 27.12 % )
Info: th for register "inst" (data pin = "push", clock pin = "clock") is -0.100 ns
    Info: + Longest clock path from clock "clock" to destination register is 1.900 ns
        Info: 1: + IC(0.000 ns) + CELL(0.500 ns) = 0.500 ns; Loc. = PIN_79; Fanout = 4; CLK Node = 'clock'
        Info: 2: + IC(1.400 ns) + CELL(0.000 ns) = 1.900 ns; Loc. = LC6_K3; Fanout = 2; REG Node = 'inst'
        Info: Total cell delay = 0.500 ns ( 26.32 % )
        Info: Total interconnect delay = 1.400 ns ( 73.68 % )
    Info: + Micro hold delay of destination is 0.900 ns
    Info: - Shortest pin to register delay is 2.900 ns
        Info: 1: + IC(0.000 ns) + CELL(0.500 ns) = 0.500 ns; Loc. = PIN_182; Fanout = 1; PIN Node = 'push'
        Info: 2: + IC(1.400 ns) + CELL(1.000 ns) = 2.900 ns; Loc. = LC6_K3; Fanout = 2; REG Node = 'inst'
        Info: Total cell delay = 1.500 ns ( 51.72 % )
        Info: Total interconnect delay = 1.400 ns ( 48.28 % )
Info: Quartus II Classic Timing Analyzer was successful. 0 errors, 2 warnings
    Info: Peak virtual memory: 207 megabytes
    Info: Processing ended: Tue Aug 06 10:10:11 2019
    Info: Elapsed time: 00:00:01
    Info: Total CPU time (on all processors): 00:00:00


