Analysis & Elaboration report for Calculadora
Wed Jul 24 13:52:23 2019
Quartus II Version 9.0 Build 235 06/17/2009 Service Pack 2 SJ Web Edition


---------------------
; Table of Contents ;
---------------------
  1. Legal Notice
  2. Analysis & Elaboration Summary
  3. Analysis & Elaboration Settings
  4. Analysis & Elaboration Messages



----------------
; Legal Notice ;
----------------
Copyright (C) 1991-2009 Altera Corporation
Your use of Altera Corporation's design tools, logic functions 
and other software and tools, and its AMPP partner logic 
functions, and any output files from any of the foregoing 
(including device programming or simulation files), and any 
associated documentation or information are expressly subject 
to the terms and conditions of the Altera Program License 
Subscription Agreement, Altera MegaCore Function License 
Agreement, or other applicable license agreement, including, 
without limitation, that your use is for the sole purpose of 
programming logic devices manufactured by Altera and sold by 
Altera or its authorized distributors.  Please refer to the 
applicable agreement for further details.



+------------------------------------------------------------------------------+
; Analysis & Elaboration Summary                                               ;
+-------------------------------+----------------------------------------------+
; Analysis & Elaboration Status ; Failed - Wed Jul 24 13:52:23 2019            ;
; Quartus II Version            ; 9.0 Build 235 06/17/2009 SP 2 SJ Web Edition ;
; Revision Name                 ; Calculadora                                  ;
; Top-level Entity Name         ; Calculadora                                  ;
; Family                        ; ACEX1K                                       ;
+-------------------------------+----------------------------------------------+


+-----------------------------------------------------------------------------------------------+
; Analysis & Elaboration Settings                                                               ;
+--------------------------------------------------------------+----------------+---------------+
; Option                                                       ; Setting        ; Default Value ;
+--------------------------------------------------------------+----------------+---------------+
; Device                                                       ; EP1K100QC208-3 ;               ;
; Top-level entity name                                        ; Calculadora    ; Calculadora   ;
; Family name                                                  ; ACEX1K         ; Stratix II    ;
; Use Generated Physical Constraints File                      ; Off            ;               ;
; Use smart compilation                                        ; Off            ; Off           ;
; Create Debugging Nodes for IP Cores                          ; Off            ; Off           ;
; Preserve fewer node names                                    ; On             ; On            ;
; Disable OpenCore Plus hardware evaluation                    ; Off            ; Off           ;
; Verilog Version                                              ; Verilog_2001   ; Verilog_2001  ;
; VHDL Version                                                 ; VHDL93         ; VHDL93        ;
; State Machine Processing                                     ; Auto           ; Auto          ;
; Safe State Machine                                           ; Off            ; Off           ;
; Extract Verilog State Machines                               ; On             ; On            ;
; Extract VHDL State Machines                                  ; On             ; On            ;
; Ignore Verilog initial constructs                            ; Off            ; Off           ;
; Iteration limit for constant Verilog loops                   ; 5000           ; 5000          ;
; Iteration limit for non-constant Verilog loops               ; 250            ; 250           ;
; Add Pass-Through Logic to Inferred RAMs                      ; On             ; On            ;
; Parallel Synthesis                                           ; Off            ; Off           ;
; NOT Gate Push-Back                                           ; On             ; On            ;
; Power-Up Don't Care                                          ; On             ; On            ;
; Remove Redundant Logic Cells                                 ; Off            ; Off           ;
; Remove Duplicate Registers                                   ; On             ; On            ;
; Ignore CARRY Buffers                                         ; Off            ; Off           ;
; Ignore CASCADE Buffers                                       ; Off            ; Off           ;
; Ignore GLOBAL Buffers                                        ; Off            ; Off           ;
; Ignore ROW GLOBAL Buffers                                    ; Off            ; Off           ;
; Ignore LCELL Buffers                                         ; Off            ; Off           ;
; Ignore SOFT Buffers                                          ; On             ; On            ;
; Limit AHDL Integers to 32 Bits                               ; Off            ; Off           ;
; Auto Implement in ROM                                        ; Off            ; Off           ;
; Optimization Technique                                       ; Area           ; Area          ;
; Carry Chain Length                                           ; 32             ; 32            ;
; Cascade Chain Length                                         ; 2              ; 2             ;
; Auto Carry Chains                                            ; On             ; On            ;
; Auto Open-Drain Pins                                         ; On             ; On            ;
; Auto ROM Replacement                                         ; On             ; On            ;
; Auto RAM Replacement                                         ; On             ; On            ;
; Auto Clock Enable Replacement                                ; On             ; On            ;
; Strict RAM Replacement                                       ; Off            ; Off           ;
; Auto Resource Sharing                                        ; Off            ; Off           ;
; Allow Any RAM Size For Recognition                           ; Off            ; Off           ;
; Allow Any ROM Size For Recognition                           ; Off            ; Off           ;
; Use LogicLock Constraints during Resource Balancing          ; On             ; On            ;
; Ignore translate_off and synthesis_off directives            ; Off            ; Off           ;
; Show Parameter Settings Tables in Synthesis Report           ; On             ; On            ;
; HDL message level                                            ; Level2         ; Level2        ;
; Suppress Register Optimization Related Messages              ; Off            ; Off           ;
; Number of Removed Registers Reported in Synthesis Report     ; 100            ; 100           ;
; Number of Inverted Registers Reported in Synthesis Report    ; 100            ; 100           ;
; Block Design Naming                                          ; Auto           ; Auto          ;
; Synthesis Effort                                             ; Auto           ; Auto          ;
; Shift Register Replacement - Allow Asynchronous Clear Signal ; On             ; On            ;
; Analysis & Synthesis Message Level                           ; Medium         ; Medium        ;
+--------------------------------------------------------------+----------------+---------------+


+---------------------------------+
; Analysis & Elaboration Messages ;
+---------------------------------+
Info: Found 1 design units, including 1 entities, in source file Calculadora.bdf
    Info: Found entity 1: Calculadora
Info: Found 1 design units, including 1 entities, in source file dividor.bdf
    Info: Found entity 1: dividor
Info: Found 1 design units, including 1 entities, in source file divisor.bdf
    Info: Found entity 1: divisor
Info: Elaborating entity "Calculadora" for the top level hierarchy
Warning: Entity "Calculadora" contains only dangling pins
Error: Can't synthesize current design -- design does not contain any logic


