Classic Timing Analyzer report for registrador
Tue Aug 06 10:18:28 2019
Quartus II Version 9.0 Build 184 04/29/2009 Service Pack 1 SJ Web Edition


---------------------
; Table of Contents ;
---------------------
  1. Legal Notice
  2. Timing Analyzer Summary
  3. Timing Analyzer Settings
  4. Clock Settings Summary
  5. Parallel Compilation
  6. tsu
  7. tco
  8. th
  9. Timing Analyzer Messages



----------------
; Legal Notice ;
----------------
Copyright (C) 1991-2009 Altera Corporation
Your use of Altera Corporation's design tools, logic functions 
and other software and tools, and its AMPP partner logic 
functions, and any output files from any of the foregoing 
(including device programming or simulation files), and any 
associated documentation or information are expressly subject 
to the terms and conditions of the Altera Program License 
Subscription Agreement, Altera MegaCore Function License 
Agreement, or other applicable license agreement, including, 
without limitation, that your use is for the sole purpose of 
programming logic devices manufactured by Altera and sold by 
Altera or its authorized distributors.  Please refer to the 
applicable agreement for further details.



+---------------------------------------------------------------------------------------------------------------------------+
; Timing Analyzer Summary                                                                                                   ;
+------------------------------+-------+---------------+-------------+-------+-------+------------+----------+--------------+
; Type                         ; Slack ; Required Time ; Actual Time ; From  ; To    ; From Clock ; To Clock ; Failed Paths ;
+------------------------------+-------+---------------+-------------+-------+-------+------------+----------+--------------+
; Worst-case tsu               ; N/A   ; None          ; 2.300 ns    ; BIT3  ; inst5 ; --         ; clock    ; 0            ;
; Worst-case tco               ; N/A   ; None          ; 12.500 ns   ; inst2 ; S4    ; clock      ; --       ; 0            ;
; Worst-case th                ; N/A   ; None          ; -0.100 ns   ; BIT1  ; inst  ; --         ; clock    ; 0            ;
; Total number of failed paths ;       ;               ;             ;       ;       ;            ;          ; 0            ;
+------------------------------+-------+---------------+-------------+-------+-------+------------+----------+--------------+


+--------------------------------------------------------------------------------------------------------------------+
; Timing Analyzer Settings                                                                                           ;
+---------------------------------------------------------------------+--------------------+------+----+-------------+
; Option                                                              ; Setting            ; From ; To ; Entity Name ;
+---------------------------------------------------------------------+--------------------+------+----+-------------+
; Device Name                                                         ; EP1K100QC208-3     ;      ;    ;             ;
; Timing Models                                                       ; Final              ;      ;    ;             ;
; Default hold multicycle                                             ; Same as Multicycle ;      ;    ;             ;
; Cut paths between unrelated clock domains                           ; On                 ;      ;    ;             ;
; Cut off read during write signal paths                              ; On                 ;      ;    ;             ;
; Cut off feedback from I/O pins                                      ; On                 ;      ;    ;             ;
; Report Combined Fast/Slow Timing                                    ; Off                ;      ;    ;             ;
; Ignore Clock Settings                                               ; Off                ;      ;    ;             ;
; Analyze latches as synchronous elements                             ; On                 ;      ;    ;             ;
; Enable Recovery/Removal analysis                                    ; Off                ;      ;    ;             ;
; Enable Clock Latency                                                ; Off                ;      ;    ;             ;
; Use TimeQuest Timing Analyzer                                       ; Off                ;      ;    ;             ;
; Minimum Core Junction Temperature                                   ; 0                  ;      ;    ;             ;
; Maximum Core Junction Temperature                                   ; 85                 ;      ;    ;             ;
; Number of source nodes to report per destination node               ; 10                 ;      ;    ;             ;
; Number of destination nodes to report                               ; 10                 ;      ;    ;             ;
; Number of paths to report                                           ; 200                ;      ;    ;             ;
; Report Minimum Timing Checks                                        ; Off                ;      ;    ;             ;
; Use Fast Timing Models                                              ; Off                ;      ;    ;             ;
; Report IO Paths Separately                                          ; Off                ;      ;    ;             ;
; Perform Multicorner Analysis                                        ; Off                ;      ;    ;             ;
; Reports the worst-case path for each clock domain and analysis      ; Off                ;      ;    ;             ;
; Removes common clock path pessimism (CCPP) during slack computation ; Off                ;      ;    ;             ;
; Output I/O Timing Endpoint                                          ; Near End           ;      ;    ;             ;
+---------------------------------------------------------------------+--------------------+------+----+-------------+


+------------------------------------------------------------------------------------------------------------------------------------------------------------------------------------+
; Clock Settings Summary                                                                                                                                                             ;
+-----------------+--------------------+----------+------------------+---------------+--------------+----------+-----------------------+---------------------+--------+--------------+
; Clock Node Name ; Clock Setting Name ; Type     ; Fmax Requirement ; Early Latency ; Late Latency ; Based on ; Multiply Base Fmax by ; Divide Base Fmax by ; Offset ; Phase offset ;
+-----------------+--------------------+----------+------------------+---------------+--------------+----------+-----------------------+---------------------+--------+--------------+
; clock           ;                    ; User Pin ; None             ; 0.000 ns      ; 0.000 ns     ; --       ; N/A                   ; N/A                 ; N/A    ;              ;
+-----------------+--------------------+----------+------------------+---------------+--------------+----------+-----------------------+---------------------+--------+--------------+


Parallel compilation was disabled, but you have multiple processors available. Enable parallel compilation to reduce compilation time.
+-------------------------------------+
; Parallel Compilation                ;
+----------------------------+--------+
; Processors                 ; Number ;
+----------------------------+--------+
; Number detected on machine ; 2      ;
; Maximum allowed            ; 1      ;
+----------------------------+--------+


+-------------------------------------------------------------+
; tsu                                                         ;
+-------+--------------+------------+------+-------+----------+
; Slack ; Required tsu ; Actual tsu ; From ; To    ; To Clock ;
+-------+--------------+------------+------+-------+----------+
; N/A   ; None         ; 2.300 ns   ; BIT3 ; inst5 ; clock    ;
; N/A   ; None         ; 2.200 ns   ; BIT4 ; inst2 ; clock    ;
; N/A   ; None         ; 2.200 ns   ; BIT2 ; inst1 ; clock    ;
; N/A   ; None         ; 1.700 ns   ; BIT1 ; inst  ; clock    ;
+-------+--------------+------------+------+-------+----------+


+-------------------------------------------------------------+
; tco                                                         ;
+-------+--------------+------------+-------+----+------------+
; Slack ; Required tco ; Actual tco ; From  ; To ; From Clock ;
+-------+--------------+------------+-------+----+------------+
; N/A   ; None         ; 12.500 ns  ; inst2 ; S4 ; clock      ;
; N/A   ; None         ; 12.300 ns  ; inst  ; S1 ; clock      ;
; N/A   ; None         ; 12.100 ns  ; inst5 ; S3 ; clock      ;
; N/A   ; None         ; 12.000 ns  ; inst1 ; S2 ; clock      ;
+-------+--------------+------------+-------+----+------------+


+-------------------------------------------------------------------+
; th                                                                ;
+---------------+-------------+-----------+------+-------+----------+
; Minimum Slack ; Required th ; Actual th ; From ; To    ; To Clock ;
+---------------+-------------+-----------+------+-------+----------+
; N/A           ; None        ; -0.100 ns ; BIT1 ; inst  ; clock    ;
; N/A           ; None        ; -0.600 ns ; BIT4 ; inst2 ; clock    ;
; N/A           ; None        ; -0.600 ns ; BIT2 ; inst1 ; clock    ;
; N/A           ; None        ; -0.700 ns ; BIT3 ; inst5 ; clock    ;
+---------------+-------------+-----------+------+-------+----------+


+--------------------------+
; Timing Analyzer Messages ;
+--------------------------+
Info: *******************************************************************
Info: Running Quartus II Classic Timing Analyzer
    Info: Version 9.0 Build 184 04/29/2009 Service Pack 1 SJ Web Edition
    Info: Processing started: Tue Aug 06 10:18:28 2019
Info: Command: quartus_tan --read_settings_files=off --write_settings_files=off registrador -c registrador
Info: Started post-fitting delay annotation
Info: Delay annotation completed successfully
Warning: Found pins functioning as undefined clocks and/or memory enables
    Info: Assuming node "clock" is an undefined clock
Info: No valid register-to-register data paths exist for clock "clock"
Info: tsu for register "inst5" (data pin = "BIT3", clock pin = "clock") is 2.300 ns
    Info: + Longest pin to register delay is 3.500 ns
        Info: 1: + IC(0.000 ns) + CELL(0.500 ns) = 0.500 ns; Loc. = PIN_78; Fanout = 1; PIN Node = 'BIT3'
        Info: 2: + IC(2.000 ns) + CELL(1.000 ns) = 3.500 ns; Loc. = LC7_F27; Fanout = 1; REG Node = 'inst5'
        Info: Total cell delay = 1.500 ns ( 42.86 % )
        Info: Total interconnect delay = 2.000 ns ( 57.14 % )
    Info: + Micro setup delay of destination is 0.700 ns
    Info: - Shortest clock path from clock "clock" to destination register is 1.900 ns
        Info: 1: + IC(0.000 ns) + CELL(0.500 ns) = 0.500 ns; Loc. = PIN_79; Fanout = 4; CLK Node = 'clock'
        Info: 2: + IC(1.400 ns) + CELL(0.000 ns) = 1.900 ns; Loc. = LC7_F27; Fanout = 1; REG Node = 'inst5'
        Info: Total cell delay = 0.500 ns ( 26.32 % )
        Info: Total interconnect delay = 1.400 ns ( 73.68 % )
Info: tco from clock "clock" to destination pin "S4" through register "inst2" is 12.500 ns
    Info: + Longest clock path from clock "clock" to source register is 1.900 ns
        Info: 1: + IC(0.000 ns) + CELL(0.500 ns) = 0.500 ns; Loc. = PIN_79; Fanout = 4; CLK Node = 'clock'
        Info: 2: + IC(1.400 ns) + CELL(0.000 ns) = 1.900 ns; Loc. = LC2_J32; Fanout = 1; REG Node = 'inst2'
        Info: Total cell delay = 0.500 ns ( 26.32 % )
        Info: Total interconnect delay = 1.400 ns ( 73.68 % )
    Info: + Micro clock to output delay of source is 1.100 ns
    Info: + Longest register to pin delay is 9.500 ns
        Info: 1: + IC(0.000 ns) + CELL(0.000 ns) = 0.000 ns; Loc. = LC2_J32; Fanout = 1; REG Node = 'inst2'
        Info: 2: + IC(0.900 ns) + CELL(8.600 ns) = 9.500 ns; Loc. = PIN_39; Fanout = 0; PIN Node = 'S4'
        Info: Total cell delay = 8.600 ns ( 90.53 % )
        Info: Total interconnect delay = 0.900 ns ( 9.47 % )
Info: th for register "inst" (data pin = "BIT1", clock pin = "clock") is -0.100 ns
    Info: + Longest clock path from clock "clock" to destination register is 1.900 ns
        Info: 1: + IC(0.000 ns) + CELL(0.500 ns) = 0.500 ns; Loc. = PIN_79; Fanout = 4; CLK Node = 'clock'
        Info: 2: + IC(1.400 ns) + CELL(0.000 ns) = 1.900 ns; Loc. = LC3_C51; Fanout = 1; REG Node = 'inst'
        Info: Total cell delay = 0.500 ns ( 26.32 % )
        Info: Total interconnect delay = 1.400 ns ( 73.68 % )
    Info: + Micro hold delay of destination is 0.900 ns
    Info: - Shortest pin to register delay is 2.900 ns
        Info: 1: + IC(0.000 ns) + CELL(0.500 ns) = 0.500 ns; Loc. = PIN_184; Fanout = 1; PIN Node = 'BIT1'
        Info: 2: + IC(1.400 ns) + CELL(1.000 ns) = 2.900 ns; Loc. = LC3_C51; Fanout = 1; REG Node = 'inst'
        Info: Total cell delay = 1.500 ns ( 51.72 % )
        Info: Total interconnect delay = 1.400 ns ( 48.28 % )
Info: Quartus II Classic Timing Analyzer was successful. 0 errors, 1 warning
    Info: Peak virtual memory: 206 megabytes
    Info: Processing ended: Tue Aug 06 10:18:28 2019
    Info: Elapsed time: 00:00:00
    Info: Total CPU time (on all processors): 00:00:00


